#
# A fatal error has been detected by the Java Runtime Environment:
#
#  SIGSEGV (0xb) at pc=0x000000011084cc2c, pid=5743, tid=0x0000000000004907
#
# JRE version: Java(TM) SE Runtime Environment (8.0_144-b01) (build 1.8.0_144-b01)
# Java VM: Java HotSpot(TM) 64-Bit Server VM (25.144-b01 mixed mode bsd-amd64 compressed oops)
# Problematic frame:
# V  [libjvm.dylib+0x24cc2c]
#
# Failed to write core dump. Core dumps have been disabled. To enable core dumping, try "ulimit -c unlimited" before starting Java again
#
# If you would like to submit a bug report, please visit:
#   http://bugreport.java.com/bugreport/crash.jsp
#

---------------  T H R E A D  ---------------

Current thread (0x00007fa074829000):  JavaThread "JDWP Transport Listener: dt_socket" daemon [_thread_in_vm, id=18695, stack(0x00007000054f7000,0x00007000055f7000)]

siginfo: si_signo: 11 (SIGSEGV), si_code: 0 (unknown), si_addr: 0x0000000000000000

Registers:
RAX=0x4855c35de5894855, RBX=0x00007000055f5cd0, RCX=0x4855c35dc031e589, RDX=0x0000000118d2a620
RSP=0x00007000055f5c40, RBP=0x00007000055f5c60, RSI=0x00007fa075132018, RDI=0x00007fa075132018
R8 =0x00007fa0751320a8, R9 =0x00007000055f5d60, R10=0x0000700004c708a0, R11=0xfffff05f904c3cb8
R12=0x00007000055f5cd0, R13=0x00007fa074829000, R14=0x00007000055f5d00, R15=0x00007fa075132018
RIP=0x000000011084cc2c, EFLAGS=0x0000000000010246, ERR=0x0000000000000000
  TRAPNO=0x000000000000000d

Top of Stack: (sp=0x00007000055f5c40)
0x00007000055f5c40:   00007000055f5d00 00007fa073f005c0
0x00007000055f5c50:   00007000055f5cd0 00007000055f62f0
0x00007000055f5c60:   00007000055f5cc0 000000011084b588
0x00007000055f5c70:   00007000055f5cb0 000000011084c90c
0x00007000055f5c80:   0000000000007fe8 00007000055f5d50
0x00007000055f5c90:   00007000055f5d50 00007fa075131a10
0x00007000055f5ca0:   00007fa073f005c0 00007fa075132010
0x00007000055f5cb0:   0000000000001585 00007000055f62f0
0x00007000055f5cc0:   00007000055f62c0 0000000110baa63a
0x00007000055f5cd0:   00000001107c169c 4855c35dc031e589
0x00007000055f5ce0:   0000000000000000 0000000100000000
0x00007000055f5cf0:   4855c35de5894855 00000001107c169c
0x00007000055f5d00:   0000000000000000 0000000000000000
0x00007000055f5d10:   0000000000000000 0000000000000000
0x00007000055f5d20:   0000000000000000 0000000000000000
0x00007000055f5d30:   0000000000000000 0000000000000000
0x00007000055f5d40:   0000000000000000 0000000000000000
0x00007000055f5d50:   0000700004c708a0 0000700004c708a0
0x00007000055f5d60:   0000000000000000 0000000000000000
0x00007000055f5d70:   0000000000000000 0000000000000000
0x00007000055f5d80:   0000000000000000 0000000000000000
0x00007000055f5d90:   0000000000000000 0000000000000000
0x00007000055f5da0:   0000000000000000 0000000000000000
0x00007000055f5db0:   0000000000000000 0000000000000000
0x00007000055f5dc0:   0000000000000000 0000000000000000
0x00007000055f5dd0:   0000000000000000 0000000000000000
0x00007000055f5de0:   0000000000000000 0000000000000000
0x00007000055f5df0:   0000000000000000 0000000000000000
0x00007000055f5e00:   0000000000000000 0000000000000000
0x00007000055f5e10:   0000000000000000 0000000000000000
0x00007000055f5e20:   0000000000000000 0000000000000000
0x00007000055f5e30:   0000000000000000 0000000000000000 

Instructions: (pc=0x000000011084cc2c)
0x000000011084cc0c:   fc ff ff eb 77 49 83 7f 10 00 74 10 4c 89 e7 4c
0x000000011084cc1c:   89 fe 4c 89 f2 e8 5e fd ff ff eb 60 49 8b 47 20
0x000000011084cc2c:   48 8b 08 48 8b 78 08 48 83 c0 10 49 89 04 24 49
0x000000011084cc3c:   89 44 24 28 49 89 4c 24 20 49 89 7c 24 08 e8 e3 

Register to memory mapping:

RAX=0x4855c35de5894855 is an unknown value
RBX=0x00007000055f5cd0 is pointing into the stack for thread: 0x00007fa074829000
RCX=0x4855c35dc031e589 is an unknown value
RDX=0x0000000118d2a620 is an unknown value
RSP=0x00007000055f5c40 is pointing into the stack for thread: 0x00007fa074829000
RBP=0x00007000055f5c60 is pointing into the stack for thread: 0x00007fa074829000
RSI=0x00007fa075132018 is an unknown value
RDI=0x00007fa075132018 is an unknown value
R8 =0x00007fa0751320a8 is an unknown value
R9 =0x00007000055f5d60 is pointing into the stack for thread: 0x00007fa074829000
R10=0x0000700004c708a0 is pointing into the stack for thread: 0x00007fa074802000
R11=0xfffff05f904c3cb8 is an unknown value
R12=0x00007000055f5cd0 is pointing into the stack for thread: 0x00007fa074829000
R13=0x00007fa074829000 is a thread
R14=0x00007000055f5d00 is pointing into the stack for thread: 0x00007fa074829000
R15=0x00007fa075132018 is an unknown value


Stack: [0x00007000054f7000,0x00007000055f7000],  sp=0x00007000055f5c40,  free space=1019k
Native frames: (J=compiled Java code, j=interpreted, Vv=VM code, C=native code)
V  [libjvm.dylib+0x24cc2c]
V  [libjvm.dylib+0x24b588]
V  [libjvm.dylib+0x5aa63a]
V  [libjvm.dylib+0x5aa0e1]
V  [libjvm.dylib+0x38cb1a]
V  [libjvm.dylib+0x38ce93]
V  [libjvm.dylib+0x388862]
V  [libjvm.dylib+0x35e367]
C  [libjdwp.dylib+0x88ce]  frames+0x1f5
C  [libjdwp.dylib+0xe780]  debugLoop_run+0x1ce
C  [libjdwp.dylib+0x1f606]  attachThread+0x4d
V  [libjvm.dylib+0x39b06c]
V  [libjvm.dylib+0x56c0b3]
V  [libjvm.dylib+0x56d7a0]
V  [libjvm.dylib+0x48baee]
C  [libsystem_pthread.dylib+0x36c1]  _pthread_body+0x154
C  [libsystem_pthread.dylib+0x356d]  _pthread_body+0x0
C  [libsystem_pthread.dylib+0x2c5d]  thread_start+0xd
C  0x0000000000000000


---------------  P R O C E S S  ---------------

Java Threads: ( => current thread )
  0x00007fa075b9f000 JavaThread "SIGTERM handler" daemon [_thread_blocked, id=17927, stack(0x00007000056fd000,0x00007000057fd000)]
  0x00007fa07502f800 JavaThread "Service Thread" daemon [_thread_blocked, id=15107, stack(0x0000700005b09000,0x0000700005c09000)]
  0x00007fa07482b800 JavaThread "C1 CompilerThread2" daemon [_thread_blocked, id=14851, stack(0x0000700005a06000,0x0000700005b06000)]
  0x00007fa075850800 JavaThread "C2 CompilerThread1" daemon [_thread_blocked, id=14595, stack(0x0000700005903000,0x0000700005a03000)]
  0x00007fa075030800 JavaThread "C2 CompilerThread0" daemon [_thread_blocked, id=17667, stack(0x0000700005800000,0x0000700005900000)]
  0x00007fa074011800 JavaThread "JDWP Event Helper Thread" daemon [_thread_blocked, id=18179, stack(0x00007000055fa000,0x00007000056fa000)]
=>0x00007fa074829000 JavaThread "JDWP Transport Listener: dt_socket" daemon [_thread_in_vm, id=18695, stack(0x00007000054f7000,0x00007000055f7000)]
  0x00007fa074816000 JavaThread "Finalizer" daemon [_thread_blocked, id=20483, stack(0x00007000052f1000,0x00007000053f1000)]
  0x00007fa075836800 JavaThread "Reference Handler" daemon [_thread_blocked, id=20739, stack(0x00007000051ee000,0x00007000052ee000)]
  0x00007fa074802000 JavaThread "main" [_thread_blocked, id=6147, stack(0x0000700004bdc000,0x0000700004cdc000)]

Other Threads:
  0x00007fa07400b000 VMThread [stack: 0x00007000050eb000,0x00007000051eb000] [id=11267]

VM state:synchronizing (normal execution)

VM Mutex/Monitor currently owned by a thread:  ([mutex/lock_event])
[0x00007fa073d107e0] Threads_lock - owner thread: 0x00007fa07400b000

Heap:
 PSYoungGen      total 38400K, used 4001K [0x0000000795580000, 0x0000000798000000, 0x00000007c0000000)
  eden space 33280K, 12% used [0x0000000795580000,0x0000000795968788,0x0000000797600000)
  from space 5120K, 0% used [0x0000000797b00000,0x0000000797b00000,0x0000000798000000)
  to   space 5120K, 0% used [0x0000000797600000,0x0000000797600000,0x0000000797b00000)
 ParOldGen       total 87552K, used 0K [0x0000000740000000, 0x0000000745580000, 0x0000000795580000)
  object space 87552K, 0% used [0x0000000740000000,0x0000000740000000,0x0000000745580000)
 Metaspace       used 3415K, capacity 4566K, committed 4864K, reserved 1056768K
  class space    used 382K, capacity 390K, committed 512K, reserved 1048576K

Card table byte_map: [0x0000000111967000,0x0000000111d68000] byte_map_base: 0x000000010df67000

Marking Bits: (ParMarkBitMap*) 0x0000000110ef35d0
 Begin Bits: [0x0000000112013000, 0x0000000114013000)
 End Bits:   [0x0000000114013000, 0x0000000116013000)

Polling page: 0x000000010fcca000

CodeCache: size=245760Kb used=1201Kb max_used=1201Kb free=244558Kb
 bounds [0x0000000118ce5000, 0x0000000118f55000, 0x0000000127ce5000]
 total_blobs=300 nmethods=68 adapters=154
 compilation: enabled

Compilation events (10 events):
Event: 0.314 Thread 0x00007fa07482b800   63       3       java.lang.String::indexOf (166 bytes)
Event: 0.314 Thread 0x00007fa07482b800 nmethod 63 0x0000000118e09890 code [0x0000000118e09a40, 0x0000000118e0a090]
Event: 0.314 Thread 0x00007fa07482b800   64       3       java.util.Arrays::copyOf (19 bytes)
Event: 0.315 Thread 0x00007fa07482b800 nmethod 64 0x0000000118e0a4d0 code [0x0000000118e0a660, 0x0000000118e0a988]
Event: 0.316 Thread 0x00007fa07482b800   67  s!   3       sun.misc.URLClassPath::getLoader (243 bytes)
Event: 0.320 Thread 0x00007fa07482b800 nmethod 67 0x0000000118e0aad0 code [0x0000000118e0af00, 0x0000000118e0db68]
Event: 0.320 Thread 0x00007fa07482b800   66  s    3       sun.misc.URLClassPath::getNextLoader (88 bytes)
Event: 0.320 Thread 0x00007fa07482b800 nmethod 66 0x0000000118e0f790 code [0x0000000118e0f980, 0x0000000118e10228]
Event: 0.320 Thread 0x00007fa07482b800   68       3       java.util.ArrayList::rangeCheck (22 bytes)
Event: 0.321 Thread 0x00007fa07482b800 nmethod 68 0x0000000118e10710 code [0x0000000118e10940, 0x0000000118e113f8]

GC Heap History (0 events):
No events

Deoptimization events (0 events):
No events

Internal exceptions (7 events):
Event: 0.054 Thread 0x00007fa074802000 Exception <a 'java/lang/NoSuchMethodError': Method sun.misc.Unsafe.defineClass(Ljava/lang/String;[BII)Ljava/lang/Class; name or signature does not match> (0x0000000795587ca8) thrown at [/Users/java_re/workspace/8-2-build-macosx-x86_64/jdk8u144/9417/hotspo
Event: 0.054 Thread 0x00007fa074802000 Exception <a 'java/lang/NoSuchMethodError': Method sun.misc.Unsafe.prefetchRead(Ljava/lang/Object;J)V name or signature does not match> (0x0000000795587f90) thrown at [/Users/java_re/workspace/8-2-build-macosx-x86_64/jdk8u144/9417/hotspot/src/share/vm/pri
Event: 0.290 Thread 0x00007fa074802000 Exception <a 'java/security/PrivilegedActionException'> (0x0000000795792f80) thrown at [/Users/java_re/workspace/8-2-build-macosx-x86_64/jdk8u144/9417/hotspot/src/share/vm/prims/jvm.cpp, line 1390]
Event: 0.290 Thread 0x00007fa074802000 Exception <a 'java/security/PrivilegedActionException'> (0x0000000795793378) thrown at [/Users/java_re/workspace/8-2-build-macosx-x86_64/jdk8u144/9417/hotspot/src/share/vm/prims/jvm.cpp, line 1390]
Event: 0.291 Thread 0x00007fa074802000 Exception <a 'java/security/PrivilegedActionException'> (0x0000000795796890) thrown at [/Users/java_re/workspace/8-2-build-macosx-x86_64/jdk8u144/9417/hotspot/src/share/vm/prims/jvm.cpp, line 1390]
Event: 0.291 Thread 0x00007fa074802000 Exception <a 'java/security/PrivilegedActionException'> (0x0000000795796c88) thrown at [/Users/java_re/workspace/8-2-build-macosx-x86_64/jdk8u144/9417/hotspot/src/share/vm/prims/jvm.cpp, line 1390]
Event: 1.810 Thread 0x00007fa074802000 Exception <a 'java/lang/StackOverflowError'> (0x0000000795806468) thrown at [/Users/java_re/workspace/8-2-build-macosx-x86_64/jdk8u144/9417/hotspot/src/share/vm/interpreter/interpreterRuntime.cpp, line 323]

Events (10 events):
Event: 57.057 loading class sun/misc/Signal$1 done
Event: 57.058 Thread 0x00007fa075b9f000 Thread added: 0x00007fa075b9f000
Event: 57.058 Executing VM operation: EnterInterpOnlyMode
Event: 57.060 Executing VM operation: EnterInterpOnlyMode done
Event: 57.061 loading class java/lang/Shutdown
Event: 57.061 loading class java/lang/Shutdown done
Event: 57.061 loading class java/lang/Shutdown$Lock
Event: 57.061 loading class java/lang/Shutdown$Lock done
Event: 57.065 Thread 0x00007fa075826800 Thread exited: 0x00007fa075826800
Event: 57.065 Executing VM operation: Exit


Dynamic libraries:
0x00000000179f6000 	/System/Library/Frameworks/Cocoa.framework/Versions/A/Cocoa
0x00000000179f6000 	/System/Library/Frameworks/Security.framework/Versions/A/Security
0x00000000179f6000 	/System/Library/Frameworks/ApplicationServices.framework/Versions/A/ApplicationServices
0x00000000179f6000 	/usr/lib/libz.1.dylib
0x00000000179f6000 	/usr/lib/libSystem.B.dylib
0x00000000179f6000 	/usr/lib/libobjc.A.dylib
0x00000000179f6000 	/System/Library/Frameworks/CoreFoundation.framework/Versions/A/CoreFoundation
0x00000000179f6000 	/System/Library/Frameworks/Foundation.framework/Versions/C/Foundation
0x00000000179f6000 	/System/Library/Frameworks/AppKit.framework/Versions/C/AppKit
0x00000000179f6000 	/System/Library/Frameworks/CoreData.framework/Versions/A/CoreData
0x00000000179f6000 	/System/Library/PrivateFrameworks/RemoteViewServices.framework/Versions/A/RemoteViewServices
0x00000000179f6000 	/System/Library/PrivateFrameworks/UIFoundation.framework/Versions/A/UIFoundation
0x00000000179f6000 	/System/Library/PrivateFrameworks/DFRFoundation.framework/Versions/A/DFRFoundation
0x00000000179f6000 	/System/Library/Frameworks/Metal.framework/Versions/A/Metal
0x00000000179f6000 	/System/Library/PrivateFrameworks/DesktopServicesPriv.framework/Versions/A/DesktopServicesPriv
0x00000000179f6000 	/usr/lib/libenergytrace.dylib
0x00000000179f6000 	/System/Library/PrivateFrameworks/SkyLight.framework/Versions/A/SkyLight
0x00000000179f6000 	/System/Library/Frameworks/CoreGraphics.framework/Versions/A/CoreGraphics
0x00000000179f6000 	/usr/lib/libScreenReader.dylib
0x00000000179f6000 	/System/Library/Frameworks/Accelerate.framework/Versions/A/Accelerate
0x00000000179f6000 	/System/Library/Frameworks/IOSurface.framework/Versions/A/IOSurface
0x00000000179f6000 	/System/Library/Frameworks/AudioToolbox.framework/Versions/A/AudioToolbox
0x00000000179f6000 	/System/Library/Frameworks/AudioUnit.framework/Versions/A/AudioUnit
0x00000000179f6000 	/System/Library/PrivateFrameworks/DataDetectorsCore.framework/Versions/A/DataDetectorsCore
0x00000000179f6000 	/System/Library/Frameworks/Carbon.framework/Versions/A/Frameworks/HIToolbox.framework/Versions/A/HIToolbox
0x00000000179f6000 	/usr/lib/libicucore.A.dylib
0x00000000179f6000 	/System/Library/Frameworks/QuartzCore.framework/Versions/A/QuartzCore
0x00000000179f6000 	/System/Library/Frameworks/Carbon.framework/Versions/A/Frameworks/SpeechRecognition.framework/Versions/A/SpeechRecognition
0x00000000179f6000 	/usr/lib/libauto.dylib
0x00000000179f6000 	/usr/lib/libxml2.2.dylib
0x00000000179f6000 	/System/Library/PrivateFrameworks/CoreUI.framework/Versions/A/CoreUI
0x00000000179f6000 	/System/Library/Frameworks/CoreAudio.framework/Versions/A/CoreAudio
0x00000000179f6000 	/System/Library/Frameworks/DiskArbitration.framework/Versions/A/DiskArbitration
0x00000000179f6000 	/usr/lib/liblangid.dylib
0x00000000179f6000 	/System/Library/PrivateFrameworks/MultitouchSupport.framework/Versions/A/MultitouchSupport
0x00000000179f6000 	/System/Library/Frameworks/IOKit.framework/Versions/A/IOKit
0x00000000179f6000 	/usr/lib/libDiagnosticMessagesClient.dylib
0x00000000179f6000 	/System/Library/Frameworks/CoreServices.framework/Versions/A/CoreServices
0x00000000179f6000 	/System/Library/PrivateFrameworks/PerformanceAnalysis.framework/Versions/A/PerformanceAnalysis
0x00000000179f6000 	/System/Library/Frameworks/OpenGL.framework/Versions/A/OpenGL
0x00000000179f6000 	/System/Library/Frameworks/ColorSync.framework/Versions/A/ColorSync
0x00000000179f6000 	/System/Library/Frameworks/CoreImage.framework/Versions/A/CoreImage
0x00000000179f6000 	/System/Library/Frameworks/CoreText.framework/Versions/A/CoreText
0x00000000179f6000 	/System/Library/Frameworks/ImageIO.framework/Versions/A/ImageIO
0x00000000179f6000 	/System/Library/PrivateFrameworks/Backup.framework/Versions/A/Backup
0x00000000179f6000 	/usr/lib/libarchive.2.dylib
0x00000000179f6000 	/System/Library/Frameworks/CFNetwork.framework/Versions/A/CFNetwork
0x00000000179f6000 	/System/Library/Frameworks/SystemConfiguration.framework/Versions/A/SystemConfiguration
0x00000000179f6000 	/usr/lib/libCRFSuite.dylib
0x00000000179f6000 	/usr/lib/libc++.1.dylib
0x00000000179f6000 	/usr/lib/libc++abi.dylib
0x00000000179f6000 	/usr/lib/system/libcache.dylib
0x00000000179f6000 	/usr/lib/system/libcommonCrypto.dylib
0x00000000179f6000 	/usr/lib/system/libcompiler_rt.dylib
0x00000000179f6000 	/usr/lib/system/libcopyfile.dylib
0x00000000179f6000 	/usr/lib/system/libcorecrypto.dylib
0x00000000179f6000 	/usr/lib/system/libdispatch.dylib
0x00000000179f6000 	/usr/lib/system/libdyld.dylib
0x00000000179f6000 	/usr/lib/system/libkeymgr.dylib
0x00000000179f6000 	/usr/lib/system/liblaunch.dylib
0x00000000179f6000 	/usr/lib/system/libmacho.dylib
0x00000000179f6000 	/usr/lib/system/libquarantine.dylib
0x00000000179f6000 	/usr/lib/system/libremovefile.dylib
0x00000000179f6000 	/usr/lib/system/libsystem_asl.dylib
0x00000000179f6000 	/usr/lib/system/libsystem_blocks.dylib
0x00000000179f6000 	/usr/lib/system/libsystem_c.dylib
0x00000000179f6000 	/usr/lib/system/libsystem_configuration.dylib
0x00000000179f6000 	/usr/lib/system/libsystem_coreservices.dylib
0x00000000179f6000 	/usr/lib/system/libsystem_darwin.dylib
0x00000000179f6000 	/usr/lib/system/libsystem_dnssd.dylib
0x00000000179f6000 	/usr/lib/system/libsystem_info.dylib
0x00000000179f6000 	/usr/lib/system/libsystem_m.dylib
0x00000000179f6000 	/usr/lib/system/libsystem_malloc.dylib
0x00000000179f6000 	/usr/lib/system/libsystem_network.dylib
0x00000000179f6000 	/usr/lib/system/libsystem_networkextension.dylib
0x00000000179f6000 	/usr/lib/system/libsystem_notify.dylib
0x00000000179f6000 	/usr/lib/system/libsystem_sandbox.dylib
0x00000000179f6000 	/usr/lib/system/libsystem_secinit.dylib
0x00000000179f6000 	/usr/lib/system/libsystem_kernel.dylib
0x00000000179f6000 	/usr/lib/system/libsystem_platform.dylib
0x00000000179f6000 	/usr/lib/system/libsystem_pthread.dylib
0x00000000179f6000 	/usr/lib/system/libsystem_symptoms.dylib
0x00000000179f6000 	/usr/lib/system/libsystem_trace.dylib
0x00000000179f6000 	/usr/lib/system/libunwind.dylib
0x00000000179f6000 	/usr/lib/system/libxpc.dylib
0x00000000179f6000 	/usr/lib/closure/libclosured.dylib
0x00000000179f6000 	/usr/lib/libbsm.0.dylib
0x00000000179f6000 	/usr/lib/system/libkxld.dylib
0x00000000179f6000 	/usr/lib/libOpenScriptingUtil.dylib
0x00000000179f6000 	/usr/lib/libcoretls.dylib
0x00000000179f6000 	/usr/lib/libcoretls_cfhelpers.dylib
0x00000000179f6000 	/usr/lib/libpam.2.dylib
0x00000000179f6000 	/usr/lib/libsqlite3.dylib
0x00000000179f6000 	/usr/lib/libxar.1.dylib
0x00000000179f6000 	/usr/lib/libbz2.1.0.dylib
0x00000000179f6000 	/usr/lib/liblzma.5.dylib
0x00000000179f6000 	/usr/lib/libnetwork.dylib
0x00000000179f6000 	/usr/lib/libapple_nghttp2.dylib
0x00000000179f6000 	/usr/lib/libpcap.A.dylib
0x00000000179f6000 	/usr/lib/libboringssl.dylib
0x00000000179f6000 	/usr/lib/libusrtcp.dylib
0x00000000179f6000 	/usr/lib/libapple_crypto.dylib
0x00000000179f6000 	/System/Library/Frameworks/CoreServices.framework/Versions/A/Frameworks/FSEvents.framework/Versions/A/FSEvents
0x00000000179f6000 	/System/Library/Frameworks/CoreServices.framework/Versions/A/Frameworks/CarbonCore.framework/Versions/A/CarbonCore
0x00000000179f6000 	/System/Library/Frameworks/CoreServices.framework/Versions/A/Frameworks/Metadata.framework/Versions/A/Metadata
0x00000000179f6000 	/System/Library/Frameworks/CoreServices.framework/Versions/A/Frameworks/OSServices.framework/Versions/A/OSServices
0x00000000179f6000 	/System/Library/Frameworks/CoreServices.framework/Versions/A/Frameworks/SearchKit.framework/Versions/A/SearchKit
0x00000000179f6000 	/System/Library/Frameworks/CoreServices.framework/Versions/A/Frameworks/AE.framework/Versions/A/AE
0x00000000179f6000 	/System/Library/Frameworks/CoreServices.framework/Versions/A/Frameworks/LaunchServices.framework/Versions/A/LaunchServices
0x00000000179f6000 	/System/Library/Frameworks/CoreServices.framework/Versions/A/Frameworks/DictionaryServices.framework/Versions/A/DictionaryServices
0x00000000179f6000 	/System/Library/Frameworks/CoreServices.framework/Versions/A/Frameworks/SharedFileList.framework/Versions/A/SharedFileList
0x00000000179f6000 	/System/Library/Frameworks/NetFS.framework/Versions/A/NetFS
0x00000000179f6000 	/System/Library/PrivateFrameworks/NetAuth.framework/Versions/A/NetAuth
0x00000000179f6000 	/System/Library/PrivateFrameworks/login.framework/Versions/A/Frameworks/loginsupport.framework/Versions/A/loginsupport
0x00000000179f6000 	/System/Library/PrivateFrameworks/TCC.framework/Versions/A/TCC
0x00000000179f6000 	/usr/lib/libmecabra.dylib
0x00000000179f6000 	/System/Library/Frameworks/ApplicationServices.framework/Versions/A/Frameworks/ATS.framework/Versions/A/ATS
0x00000000179f6000 	/System/Library/Frameworks/ApplicationServices.framework/Versions/A/Frameworks/ColorSyncLegacy.framework/Versions/A/ColorSyncLegacy
0x00000000179f6000 	/System/Library/Frameworks/ApplicationServices.framework/Versions/A/Frameworks/HIServices.framework/Versions/A/HIServices
0x00000000179f6000 	/System/Library/Frameworks/ApplicationServices.framework/Versions/A/Frameworks/LangAnalysis.framework/Versions/A/LangAnalysis
0x00000000179f6000 	/System/Library/Frameworks/ApplicationServices.framework/Versions/A/Frameworks/PrintCore.framework/Versions/A/PrintCore
0x00000000179f6000 	/System/Library/Frameworks/ApplicationServices.framework/Versions/A/Frameworks/QD.framework/Versions/A/QD
0x00000000179f6000 	/System/Library/Frameworks/ApplicationServices.framework/Versions/A/Frameworks/SpeechSynthesis.framework/Versions/A/SpeechSynthesis
0x00000000179f6000 	/System/Library/Frameworks/CoreDisplay.framework/Versions/A/CoreDisplay
0x00000000179f6000 	/System/Library/Frameworks/Accelerate.framework/Versions/A/Frameworks/vImage.framework/Versions/A/vImage
0x00000000179f6000 	/System/Library/Frameworks/Accelerate.framework/Versions/A/Frameworks/vecLib.framework/Versions/A/vecLib
0x00000000179f6000 	/System/Library/Frameworks/Accelerate.framework/Versions/A/Frameworks/vecLib.framework/Versions/A/libvDSP.dylib
0x00000000179f6000 	/System/Library/Frameworks/Accelerate.framework/Versions/A/Frameworks/vecLib.framework/Versions/A/libBNNS.dylib
0x00000000179f6000 	/System/Library/Frameworks/Accelerate.framework/Versions/A/Frameworks/vecLib.framework/Versions/A/libQuadrature.dylib
0x00000000179f6000 	/System/Library/Frameworks/Accelerate.framework/Versions/A/Frameworks/vecLib.framework/Versions/A/libvMisc.dylib
0x00000000179f6000 	/System/Library/Frameworks/Accelerate.framework/Versions/A/Frameworks/vecLib.framework/Versions/A/libLAPACK.dylib
0x00000000179f6000 	/System/Library/Frameworks/Accelerate.framework/Versions/A/Frameworks/vecLib.framework/Versions/A/libBLAS.dylib
0x00000000179f6000 	/System/Library/Frameworks/Accelerate.framework/Versions/A/Frameworks/vecLib.framework/Versions/A/libLinearAlgebra.dylib
0x00000000179f6000 	/System/Library/Frameworks/Accelerate.framework/Versions/A/Frameworks/vecLib.framework/Versions/A/libSparse.dylib
0x00000000179f6000 	/System/Library/Frameworks/Accelerate.framework/Versions/A/Frameworks/vecLib.framework/Versions/A/libSparseBLAS.dylib
0x00000000179f6000 	/System/Library/PrivateFrameworks/IOAccelerator.framework/Versions/A/IOAccelerator
0x00000000179f6000 	/System/Library/PrivateFrameworks/IOPresentment.framework/Versions/A/IOPresentment
0x00000000179f6000 	/System/Library/PrivateFrameworks/DSExternalDisplay.framework/Versions/A/DSExternalDisplay
0x00000000179f6000 	/System/Library/Frameworks/OpenGL.framework/Versions/A/Libraries/libCoreFSCache.dylib
0x00000000179f6000 	/System/Library/Frameworks/CoreVideo.framework/Versions/A/CoreVideo
0x00000000179f6000 	/System/Library/PrivateFrameworks/GraphVisualizer.framework/Versions/A/GraphVisualizer
0x00000000179f6000 	/System/Library/Frameworks/MetalPerformanceShaders.framework/Versions/A/MetalPerformanceShaders
0x00000000179f6000 	/usr/lib/libFosl_dynamic.dylib
0x00000000179f6000 	/System/Library/PrivateFrameworks/FaceCore.framework/Versions/A/FaceCore
0x00000000179f6000 	/System/Library/Frameworks/OpenCL.framework/Versions/A/OpenCL
0x00000000179f6000 	/usr/lib/libcompression.dylib
0x00000000179f6000 	/System/Library/Frameworks/ApplicationServices.framework/Versions/A/Frameworks/ATS.framework/Versions/A/Resources/libFontParser.dylib
0x00000000179f6000 	/System/Library/Frameworks/ApplicationServices.framework/Versions/A/Frameworks/ATS.framework/Versions/A/Resources/libFontRegistry.dylib
0x00000000179f6000 	/System/Library/Frameworks/ImageIO.framework/Versions/A/Resources/libJPEG.dylib
0x00000000179f6000 	/System/Library/Frameworks/ImageIO.framework/Versions/A/Resources/libTIFF.dylib
0x00000000179f6000 	/System/Library/Frameworks/ImageIO.framework/Versions/A/Resources/libPng.dylib
0x00000000179f6000 	/System/Library/Frameworks/ImageIO.framework/Versions/A/Resources/libGIF.dylib
0x00000000179f6000 	/System/Library/Frameworks/ImageIO.framework/Versions/A/Resources/libJP2.dylib
0x00000000179f6000 	/System/Library/Frameworks/ImageIO.framework/Versions/A/Resources/libRadiance.dylib
0x00000000179f6000 	/System/Library/PrivateFrameworks/AppleJPEG.framework/Versions/A/AppleJPEG
0x00000000179f6000 	/System/Library/PrivateFrameworks/MetalTools.framework/Versions/A/MetalTools
0x00000000179f6000 	/System/Library/Frameworks/MetalPerformanceShaders.framework/Frameworks/MPSCore.framework/Versions/A/MPSCore
0x00000000179f6000 	/System/Library/Frameworks/MetalPerformanceShaders.framework/Frameworks/MPSImage.framework/Versions/A/MPSImage
0x00000000179f6000 	/System/Library/Frameworks/MetalPerformanceShaders.framework/Frameworks/MPSMatrix.framework/Versions/A/MPSMatrix
0x00000000179f6000 	/System/Library/Frameworks/MetalPerformanceShaders.framework/Frameworks/MPSNeuralNetwork.framework/Versions/A/MPSNeuralNetwork
0x00000000179f6000 	/System/Library/Frameworks/OpenGL.framework/Versions/A/Libraries/libGLU.dylib
0x00000000179f6000 	/System/Library/Frameworks/OpenGL.framework/Versions/A/Libraries/libGFXShared.dylib
0x00000000179f6000 	/System/Library/Frameworks/OpenGL.framework/Versions/A/Libraries/libGL.dylib
0x00000000179f6000 	/System/Library/Frameworks/OpenGL.framework/Versions/A/Libraries/libGLImage.dylib
0x00000000179f6000 	/System/Library/Frameworks/OpenGL.framework/Versions/A/Libraries/libCVMSPluginSupport.dylib
0x00000000179f6000 	/System/Library/Frameworks/OpenGL.framework/Versions/A/Libraries/libCoreVMClient.dylib
0x00000000179f6000 	/usr/lib/libcups.2.dylib
0x00000000179f6000 	/System/Library/Frameworks/Kerberos.framework/Versions/A/Kerberos
0x00000000179f6000 	/System/Library/Frameworks/GSS.framework/Versions/A/GSS
0x00000000179f6000 	/usr/lib/libresolv.9.dylib
0x00000000179f6000 	/usr/lib/libiconv.2.dylib
0x00000000179f6000 	/System/Library/PrivateFrameworks/Heimdal.framework/Versions/A/Heimdal
0x00000000179f6000 	/usr/lib/libheimdal-asn1.dylib
0x00000000179f6000 	/System/Library/Frameworks/OpenDirectory.framework/Versions/A/OpenDirectory
0x00000000179f6000 	/System/Library/PrivateFrameworks/CommonAuth.framework/Versions/A/CommonAuth
0x00000000179f6000 	/System/Library/Frameworks/OpenDirectory.framework/Versions/A/Frameworks/CFOpenDirectory.framework/Versions/A/CFOpenDirectory
0x00000000179f6000 	/System/Library/Frameworks/SecurityFoundation.framework/Versions/A/SecurityFoundation
0x00000000179f6000 	/System/Library/PrivateFrameworks/APFS.framework/Versions/A/APFS
0x00000000179f6000 	/usr/lib/libutil.dylib
0x00000000179f6000 	/System/Library/PrivateFrameworks/AppleSauce.framework/Versions/A/AppleSauce
0x00000000179f6000 	/System/Library/PrivateFrameworks/LinguisticData.framework/Versions/A/LinguisticData
0x00000000179f6000 	/usr/lib/libmarisa.dylib
0x00000000179f6000 	/System/Library/PrivateFrameworks/Lexicon.framework/Versions/A/Lexicon
0x00000000179f6000 	/usr/lib/libChineseTokenizer.dylib
0x00000000179f6000 	/usr/lib/libcmph.dylib
0x00000000179f6000 	/System/Library/PrivateFrameworks/LanguageModeling.framework/Versions/A/LanguageModeling
0x00000000179f6000 	/System/Library/PrivateFrameworks/CoreEmoji.framework/Versions/A/CoreEmoji
0x00000000179f6000 	/System/Library/Frameworks/ServiceManagement.framework/Versions/A/ServiceManagement
0x00000000179f6000 	/System/Library/PrivateFrameworks/BackgroundTaskManagement.framework/Versions/A/BackgroundTaskManagement
0x00000000179f6000 	/usr/lib/libxslt.1.dylib
0x00000000179f6000 	/System/Library/Frameworks/Carbon.framework/Versions/A/Frameworks/Ink.framework/Versions/A/Ink
0x00000000179f6000 	/System/Library/PrivateFrameworks/TextureIO.framework/Versions/A/TextureIO
0x00000000179f6000 	/usr/lib/libate.dylib
0x00000000179f6000 	/System/Library/PrivateFrameworks/CrashReporterSupport.framework/Versions/A/CrashReporterSupport
0x00000000179f6000 	/System/Library/PrivateFrameworks/Sharing.framework/Versions/A/Sharing
0x00000000179f6000 	/System/Library/PrivateFrameworks/IconServices.framework/Versions/A/IconServices
0x00000000179f6000 	/System/Library/PrivateFrameworks/ProtocolBuffer.framework/Versions/A/ProtocolBuffer
0x00000000179f6000 	/System/Library/PrivateFrameworks/Apple80211.framework/Versions/A/Apple80211
0x00000000179f6000 	/System/Library/Frameworks/CoreWLAN.framework/Versions/A/CoreWLAN
0x00000000179f6000 	/System/Library/PrivateFrameworks/CoreUtils.framework/Versions/A/CoreUtils
0x00000000179f6000 	/System/Library/Frameworks/IOBluetooth.framework/Versions/A/IOBluetooth
0x00000000179f6000 	/System/Library/PrivateFrameworks/CoreWiFi.framework/Versions/A/CoreWiFi
0x00000000179f6000 	/System/Library/Frameworks/CoreBluetooth.framework/Versions/A/CoreBluetooth
0x00000000179f6000 	/System/Library/PrivateFrameworks/SignpostNotification.framework/Versions/A/SignpostNotification
0x00000000179f6000 	/System/Library/PrivateFrameworks/DebugSymbols.framework/Versions/A/DebugSymbols
0x00000000179f6000 	/System/Library/PrivateFrameworks/CoreSymbolication.framework/Versions/A/CoreSymbolication
0x00000000179f6000 	/System/Library/PrivateFrameworks/Symbolication.framework/Versions/A/Symbolication
0x00000000179f6000 	/System/Library/PrivateFrameworks/AppleFSCompression.framework/Versions/A/AppleFSCompression
0x00000000179f6000 	/System/Library/PrivateFrameworks/SpeechRecognitionCore.framework/Versions/A/SpeechRecognitionCore
0x0000000110600000 	/Library/Java/JavaVirtualMachines/jdk1.8.0_144.jdk/Contents/Home/jre/lib/server/libjvm.dylib
0x00000000179f6000 	/usr/lib/libstdc++.6.0.9.dylib
0x000000010fc87000 	/Library/Java/JavaVirtualMachines/jdk1.8.0_144.jdk/Contents/Home/jre/lib/libverify.dylib
0x000000010fc95000 	/Library/Java/JavaVirtualMachines/jdk1.8.0_144.jdk/Contents/Home/jre/lib/libjava.dylib
0x000000010fccb000 	/Library/Java/JavaVirtualMachines/jdk1.8.0_144.jdk/Contents/Home/jre/lib/libjdwp.dylib
0x000000010fd16000 	/Library/Java/JavaVirtualMachines/jdk1.8.0_144.jdk/Contents/Home/jre/lib/libnpt.dylib
0x000000010fd63000 	/Library/Java/JavaVirtualMachines/jdk1.8.0_144.jdk/Contents/Home/jre/lib/libzip.dylib
0x00000000179f6000 	/System/Library/Frameworks/JavaVM.framework/Versions/A/Frameworks/JavaRuntimeSupport.framework/Versions/A/JavaRuntimeSupport
0x00000000179f6000 	/System/Library/Frameworks/JavaVM.framework/Versions/A/Frameworks/JavaNativeFoundation.framework/Versions/A/JavaNativeFoundation
0x00000000179f6000 	/System/Library/Frameworks/JavaVM.framework/Versions/A/JavaVM
0x00000000179f6000 	/System/Library/Frameworks/Carbon.framework/Versions/A/Carbon
0x00000000179f6000 	/System/Library/PrivateFrameworks/JavaLaunching.framework/Versions/A/JavaLaunching
0x00000000179f6000 	/System/Library/Frameworks/Carbon.framework/Versions/A/Frameworks/CommonPanels.framework/Versions/A/CommonPanels
0x00000000179f6000 	/System/Library/Frameworks/Carbon.framework/Versions/A/Frameworks/Help.framework/Versions/A/Help
0x00000000179f6000 	/System/Library/Frameworks/Carbon.framework/Versions/A/Frameworks/ImageCapture.framework/Versions/A/ImageCapture
0x00000000179f6000 	/System/Library/Frameworks/Carbon.framework/Versions/A/Frameworks/OpenScripting.framework/Versions/A/OpenScripting
0x00000000179f6000 	/System/Library/Frameworks/Carbon.framework/Versions/A/Frameworks/Print.framework/Versions/A/Print
0x00000000179f6000 	/System/Library/Frameworks/Carbon.framework/Versions/A/Frameworks/SecurityHI.framework/Versions/A/SecurityHI
0x0000000117e83000 	/Library/Java/JavaVirtualMachines/jdk1.8.0_144.jdk/Contents/Home/jre/lib/libdt_socket.dylib

VM Arguments:
jvm_args: -agentlib:jdwp=transport=dt_socket,suspend=y,address=localhost:62962 -Dfile.encoding=UTF-8 
java_command: com.techelevator.VendingMachineCLI
java_class_path (initial): /Library/Java/JavaVirtualMachines/jdk1.8.0_144.jdk/Contents/Home/jre/lib/resources.jar:/Library/Java/JavaVirtualMachines/jdk1.8.0_144.jdk/Contents/Home/jre/lib/rt.jar:/Library/Java/JavaVirtualMachines/jdk1.8.0_144.jdk/Contents/Home/jre/lib/jsse.jar:/Library/Java/JavaVirtualMachines/jdk1.8.0_144.jdk/Contents/Home/jre/lib/jce.jar:/Library/Java/JavaVirtualMachines/jdk1.8.0_144.jdk/Contents/Home/jre/lib/charsets.jar:/Library/Java/JavaVirtualMachines/jdk1.8.0_144.jdk/Contents/Home/jre/lib/jfr.jar:/Library/Java/JavaVirtualMachines/jdk1.8.0_144.jdk/Contents/Home/jre/lib/ext/sunec.jar:/Library/Java/JavaVirtualMachines/jdk1.8.0_144.jdk/Contents/Home/jre/lib/ext/nashorn.jar:/Library/Java/JavaVirtualMachines/jdk1.8.0_144.jdk/Contents/Home/jre/lib/ext/cldrdata.jar:/Library/Java/JavaVirtualMachines/jdk1.8.0_144.jdk/Contents/Home/jre/lib/ext/jfxrt.jar:/Library/Java/JavaVirtualMachines/jdk1.8.0_144.jdk/Contents/Home/jre/lib/ext/dnsns.jar:/Library/Java/JavaVirtualMachines/jdk1.8.0_144.jdk/Contents/Home/jre/lib/ext/localedata.jar:/Library/Java/JavaVirtualMachines/jdk1.8.0_144.jdk/Contents/Home/jre/lib/ext/sunjce_provider.jar:/Library/Java/JavaVirtualMachines/jdk1.8.0_144.jdk/Contents/Home/jre/lib/ext/sunpkcs11.jar:/Library/Java/JavaVirtualMachines/jdk1.8.0_144.jdk/Contents/Home/jre/lib/ext/jaccess.jar:/Library/Java/JavaVirtualMachines/jdk1.8.0_144.jdk/Contents/Home/jre/lib/ext/zipfs.jar:/System/Library/Java/Extensions/MRJToolkit.jar:/Users/pconfer/team7-java-week4-pair-exercise/m1-capstone/target/classes
Launcher Type: SUN_STANDARD

Environment Variables:
PATH=/usr/bin:/bin:/usr/sbin:/sbin
SHELL=/bin/bash

Signal Handlers:
SIGSEGV: [libjvm.dylib+0x5b26e5], sa_mask[0]=11111111011111110111111111111111, sa_flags=SA_ONSTACK|SA_RESTART|SA_SIGINFO
SIGBUS: [libjvm.dylib+0x5b26e5], sa_mask[0]=11111111011111110111111111111111, sa_flags=SA_RESTART|SA_SIGINFO
SIGFPE: [libjvm.dylib+0x489100], sa_mask[0]=11111111011111110111111111111111, sa_flags=SA_RESTART|SA_SIGINFO
SIGPIPE: [libjvm.dylib+0x489100], sa_mask[0]=11111111011111110111111111111111, sa_flags=SA_RESTART|SA_SIGINFO
SIGXFSZ: [libjvm.dylib+0x489100], sa_mask[0]=11111111011111110111111111111111, sa_flags=SA_RESTART|SA_SIGINFO
SIGILL: [libjvm.dylib+0x489100], sa_mask[0]=11111111011111110111111111111111, sa_flags=SA_RESTART|SA_SIGINFO
SIGUSR1: SIG_DFL, sa_mask[0]=00000000000000000000000000000000, sa_flags=none
SIGUSR2: [libjvm.dylib+0x488c1e], sa_mask[0]=00100000000000000000000000000000, sa_flags=SA_RESTART|SA_SIGINFO
SIGHUP: [libjvm.dylib+0x4871f5], sa_mask[0]=11111111011111110111111111111111, sa_flags=SA_RESTART|SA_SIGINFO
SIGINT: [libjvm.dylib+0x4871f5], sa_mask[0]=11111111011111110111111111111111, sa_flags=SA_RESTART|SA_SIGINFO
SIGTERM: [libjvm.dylib+0x4871f5], sa_mask[0]=11111111011111110111111111111111, sa_flags=SA_RESTART|SA_SIGINFO
SIGQUIT: [libjvm.dylib+0x4871f5], sa_mask[0]=11111111011111110111111111111111, sa_flags=SA_RESTART|SA_SIGINFO


---------------  S Y S T E M  ---------------

OS:Bsduname:Darwin 17.3.0 Darwin Kernel Version 17.3.0: Thu Nov  9 18:09:22 PST 2017; root:xnu-4570.31.3~1/RELEASE_X86_64 x86_64
rlimit: STACK 8192k, CORE 0k, NPROC 709, NOFILE 10240, AS infinity
load average:2.61 1.94 1.80

CPU:total 4 (initial active 4) (2 cores per cpu, 2 threads per core) family 6 model 61 stepping 4, cmov, cx8, fxsr, mmx, sse, sse2, sse3, ssse3, sse4.1, sse4.2, popcnt, avx, avx2, aes, clmul, erms, 3dnowpref, lzcnt, ht, tsc, tscinvbit, bmi1, bmi2, adx

Memory: 4k page, physical 8388608k(54304k free)

/proc/meminfo:


vm_info: Java HotSpot(TM) 64-Bit Server VM (25.144-b01) for bsd-amd64 JRE (1.8.0_144-b01), built on Jul 21 2017 22:07:42 by "java_re" with gcc 4.2.1 (Based on Apple Inc. build 5658) (LLVM build 2336.11.00)

time: Mon Feb 12 12:20:02 2018
elapsed time: 57 seconds (0d 0h 0m 57s)

